10 Feb 2023 | 15:05:51,113 | INFO  | main | bootLogger |     | SmartFoxServer 2X
10 Feb 2023 | 15:05:51,114 | INFO  | main | bootLogger |     | BitSwarmEngine version: 3.72.0 { main }
10 Feb 2023 | 15:05:51,114 | INFO  | main | bootLogger |     | System Info:
	Processor(s): 10
	VM Max. memory: 4294MB
	os.name: Mac OS X
	os.arch: aarch64
	os.version: 13.2
	java.version: 11.0.13
	java.vendor: Azul Systems, Inc.
	java.vendor.url: http://www.azul.com/
	java.vm.specification.version: 11
	java.vm.version: 11.0.13+8-LTS
	java.vm.vendor: Azul Systems, Inc.
	java.vm.name: OpenJDK 64-Bit Server VM
	java.io.tmpdir: /var/folders/tn/9xj72vjd6mv4399j1y0gj4f00000gn/T/
	Default charset: UTF-8

10 Feb 2023 | 15:05:51,119 | INFO  | main | bootLogger |     | Network Info:
	Card: utun2
		 ->fe80:0:0:0:ce81:b1c:bd2c:69e%utun2
	Card: utun1
		 ->fe80:0:0:0:d0f8:f579:f799:d9f2%utun1
	Card: utun0
		 ->fe80:0:0:0:dccc:1fca:251a:d1c0%utun0
	Card: llw0
		 ->fe80:0:0:0:bca8:3aff:fe46:556f%llw0
	Card: awdl0
		 ->fe80:0:0:0:bca8:3aff:fe46:556f%awdl0
	Card: ap1
		 ->fe80:0:0:0:bcd0:74ff:fe35:37aa%ap1
	Card: anpi0
		 ->fe80:0:0:0:a0d2:b7ff:fec2:85ed%anpi0
	Card: anpi1
		 ->fe80:0:0:0:a0d2:b7ff:fec2:85ee%anpi1
	Card: anpi2
		 ->fe80:0:0:0:a0d2:b7ff:fec2:85ef%anpi2
	Card: en0
		 ->fe80:0:0:0:1cd0:4e96:d0a9:b033%en0
		 ->192.168.0.46
	Card: lo0
		 ->fe80:0:0:0:0:0:0:1%lo0
		 ->0:0:0:0:0:0:0:1%lo0
		 ->127.0.0.1

10 Feb 2023 | 15:05:51,122 | INFO  | main | bootLogger |     | Session manager ready: com.smartfoxserver.bitswarm.sessions.DefaultSessionManager@27eb3298
10 Feb 2023 | 15:05:51,126 | INFO  | main | bootLogger |     | TCP Selector opened
10 Feb 2023 | 15:05:51,128 | INFO  | main | bootLogger |     | UDP Selector opened
10 Feb 2023 | 15:05:51,130 | INFO  | main | bootLogger |     | AcceptSelector opened
10 Feb 2023 | 15:05:51,130 | INFO  | main | bootLogger |     | DatagramChannel cache size: 80
10 Feb 2023 | 15:05:51,145 | INFO  | main | bootLogger |     | Added bound tcp socket --> 0.0.0.0:9933
10 Feb 2023 | 15:05:51,150 | INFO  | main | bootLogger |     | Added bound udp socket --> 0.0.0.0:9933
10 Feb 2023 | 15:05:51,150 | INFO  | main | bootLogger |     | Controller started: com.smartfoxserver.v2.controllers.v290.SystemReqController 
10 Feb 2023 | 15:05:51,150 | INFO  | Scheduler1-thread-1 | bootLogger |     | Scheduler started: scheduler
10 Feb 2023 | 15:05:51,151 | INFO  | main | bootLogger |     | Controller started: com.smartfoxserver.v2.controllers.v290.ExtensionReqController 
10 Feb 2023 | 15:05:51,151 | INFO  | main | bootLogger |     | Controller started: com.smartfoxserver.v2.controllers.v290.SmasherReqController 
10 Feb 2023 | 15:05:51,154 | INFO  | main | bootLogger |     | SocketWriter v3 started (TCP pool size: 3, UDP pool size: 3 
10 Feb 2023 | 15:05:51,155 | INFO  | main | bootLogger |     | Security Manager started
10 Feb 2023 | 15:05:51,156 | INFO  | main | bootLogger |     | DatagramReader started
10 Feb 2023 | 15:05:51,156 | INFO  | main | bootLogger |     | IOHandler: com.smartfoxserver.v2.protocol.SFSIoHandler@3fabf088
10 Feb 2023 | 15:05:51,156 | INFO  | main | bootLogger |     | SocketReader started
10 Feb 2023 | 15:05:51,156 | INFO  | main | bootLogger |     | SocketAcceptor initialized
10 Feb 2023 | 15:05:51,156 | INFO  | main | bootLogger |     | [[[ ===--- Boot sequence complete ---=== ]]]
10 Feb 2023 | 15:06:56,284 | INFO  | main | bootLogger |     | SmartFoxServer 2X
10 Feb 2023 | 15:06:56,285 | INFO  | main | bootLogger |     | BitSwarmEngine version: 3.72.0 { main }
10 Feb 2023 | 15:06:56,285 | INFO  | main | bootLogger |     | System Info:
	Processor(s): 10
	VM Max. memory: 4294MB
	os.name: Mac OS X
	os.arch: aarch64
	os.version: 13.2
	java.version: 11.0.13
	java.vendor: Azul Systems, Inc.
	java.vendor.url: http://www.azul.com/
	java.vm.specification.version: 11
	java.vm.version: 11.0.13+8-LTS
	java.vm.vendor: Azul Systems, Inc.
	java.vm.name: OpenJDK 64-Bit Server VM
	java.io.tmpdir: /var/folders/tn/9xj72vjd6mv4399j1y0gj4f00000gn/T/
	Default charset: UTF-8

10 Feb 2023 | 15:06:56,290 | INFO  | main | bootLogger |     | Network Info:
	Card: utun2
		 ->fe80:0:0:0:ce81:b1c:bd2c:69e%utun2
	Card: utun1
		 ->fe80:0:0:0:d0f8:f579:f799:d9f2%utun1
	Card: utun0
		 ->fe80:0:0:0:dccc:1fca:251a:d1c0%utun0
	Card: llw0
		 ->fe80:0:0:0:bca8:3aff:fe46:556f%llw0
	Card: awdl0
		 ->fe80:0:0:0:bca8:3aff:fe46:556f%awdl0
	Card: ap1
		 ->fe80:0:0:0:bcd0:74ff:fe35:37aa%ap1
	Card: anpi0
		 ->fe80:0:0:0:a0d2:b7ff:fec2:85ed%anpi0
	Card: anpi1
		 ->fe80:0:0:0:a0d2:b7ff:fec2:85ee%anpi1
	Card: anpi2
		 ->fe80:0:0:0:a0d2:b7ff:fec2:85ef%anpi2
	Card: en0
		 ->fe80:0:0:0:1cd0:4e96:d0a9:b033%en0
		 ->192.168.0.46
	Card: lo0
		 ->fe80:0:0:0:0:0:0:1%lo0
		 ->0:0:0:0:0:0:0:1%lo0
		 ->127.0.0.1

10 Feb 2023 | 15:06:56,292 | INFO  | main | bootLogger |     | Session manager ready: com.smartfoxserver.bitswarm.sessions.DefaultSessionManager@423e4cbb
10 Feb 2023 | 15:06:56,296 | INFO  | main | bootLogger |     | TCP Selector opened
10 Feb 2023 | 15:06:56,298 | INFO  | main | bootLogger |     | UDP Selector opened
10 Feb 2023 | 15:06:56,300 | INFO  | main | bootLogger |     | AcceptSelector opened
10 Feb 2023 | 15:06:56,300 | INFO  | main | bootLogger |     | DatagramChannel cache size: 80
10 Feb 2023 | 15:06:56,309 | WARN  | main | bootLogger |     | Was not able to bind socket: { 0.0.0.0:9933, (Tcp) }
10 Feb 2023 | 15:06:56,319 | INFO  | main | bootLogger |     | Added bound udp socket --> 0.0.0.0:9933
10 Feb 2023 | 15:06:56,319 | INFO  | main | bootLogger |     | Controller started: com.smartfoxserver.v2.controllers.v290.SystemReqController 
10 Feb 2023 | 15:06:56,319 | INFO  | Scheduler1-thread-1 | bootLogger |     | Scheduler started: scheduler
10 Feb 2023 | 15:06:56,320 | INFO  | main | bootLogger |     | Controller started: com.smartfoxserver.v2.controllers.v290.ExtensionReqController 
10 Feb 2023 | 15:06:56,322 | INFO  | main | bootLogger |     | Controller started: com.smartfoxserver.v2.controllers.v290.SmasherReqController 
10 Feb 2023 | 15:06:56,325 | INFO  | main | bootLogger |     | SocketWriter v3 started (TCP pool size: 3, UDP pool size: 3 
10 Feb 2023 | 15:06:56,325 | INFO  | main | bootLogger |     | Security Manager started
10 Feb 2023 | 15:06:56,326 | INFO  | main | bootLogger |     | DatagramReader started
10 Feb 2023 | 15:06:56,326 | INFO  | main | bootLogger |     | IOHandler: com.smartfoxserver.v2.protocol.SFSIoHandler@6063d80a
10 Feb 2023 | 15:06:56,326 | INFO  | main | bootLogger |     | SocketReader started
10 Feb 2023 | 15:06:56,327 | INFO  | main | bootLogger |     | SocketAcceptor initialized
10 Feb 2023 | 15:06:56,327 | INFO  | main | bootLogger |     | [[[ ===--- Boot sequence complete ---=== ]]]
10 Feb 2023 | 15:09:12,571 | INFO  | main | bootLogger |     | SmartFoxServer 2X
10 Feb 2023 | 15:09:12,572 | INFO  | main | bootLogger |     | BitSwarmEngine version: 3.72.0 { main }
10 Feb 2023 | 15:09:12,572 | INFO  | main | bootLogger |     | System Info:
	Processor(s): 10
	VM Max. memory: 4294MB
	os.name: Mac OS X
	os.arch: aarch64
	os.version: 13.2
	java.version: 11.0.13
	java.vendor: Azul Systems, Inc.
	java.vendor.url: http://www.azul.com/
	java.vm.specification.version: 11
	java.vm.version: 11.0.13+8-LTS
	java.vm.vendor: Azul Systems, Inc.
	java.vm.name: OpenJDK 64-Bit Server VM
	java.io.tmpdir: /var/folders/tn/9xj72vjd6mv4399j1y0gj4f00000gn/T/
	Default charset: UTF-8

10 Feb 2023 | 15:09:12,591 | INFO  | main | bootLogger |     | Network Info:
	Card: utun2
		 ->fe80:0:0:0:ce81:b1c:bd2c:69e%utun2
	Card: utun1
		 ->fe80:0:0:0:d0f8:f579:f799:d9f2%utun1
	Card: utun0
		 ->fe80:0:0:0:dccc:1fca:251a:d1c0%utun0
	Card: llw0
		 ->fe80:0:0:0:bca8:3aff:fe46:556f%llw0
	Card: awdl0
		 ->fe80:0:0:0:bca8:3aff:fe46:556f%awdl0
	Card: ap1
		 ->fe80:0:0:0:bcd0:74ff:fe35:37aa%ap1
	Card: anpi0
		 ->fe80:0:0:0:a0d2:b7ff:fec2:85ed%anpi0
	Card: anpi1
		 ->fe80:0:0:0:a0d2:b7ff:fec2:85ee%anpi1
	Card: anpi2
		 ->fe80:0:0:0:a0d2:b7ff:fec2:85ef%anpi2
	Card: en0
		 ->fe80:0:0:0:1cd0:4e96:d0a9:b033%en0
		 ->192.168.0.46
	Card: lo0
		 ->fe80:0:0:0:0:0:0:1%lo0
		 ->0:0:0:0:0:0:0:1%lo0
		 ->127.0.0.1

10 Feb 2023 | 15:09:12,597 | INFO  | main | bootLogger |     | Session manager ready: com.smartfoxserver.bitswarm.sessions.DefaultSessionManager@6ce26986
10 Feb 2023 | 15:09:12,602 | INFO  | main | bootLogger |     | TCP Selector opened
10 Feb 2023 | 15:09:12,605 | INFO  | main | bootLogger |     | UDP Selector opened
10 Feb 2023 | 15:09:12,606 | INFO  | main | bootLogger |     | AcceptSelector opened
10 Feb 2023 | 15:09:12,607 | INFO  | main | bootLogger |     | DatagramChannel cache size: 80
10 Feb 2023 | 15:09:12,617 | WARN  | main | bootLogger |     | Was not able to bind socket: { 0.0.0.0:9933, (Tcp) }
10 Feb 2023 | 15:09:12,622 | INFO  | main | bootLogger |     | Added bound udp socket --> 0.0.0.0:9933
10 Feb 2023 | 15:09:12,623 | INFO  | Scheduler1-thread-1 | bootLogger |     | Scheduler started: scheduler
10 Feb 2023 | 15:09:12,623 | INFO  | main | bootLogger |     | Controller started: com.smartfoxserver.v2.controllers.v290.SystemReqController 
10 Feb 2023 | 15:09:12,623 | INFO  | main | bootLogger |     | Controller started: com.smartfoxserver.v2.controllers.v290.ExtensionReqController 
10 Feb 2023 | 15:09:12,624 | INFO  | main | bootLogger |     | Controller started: com.smartfoxserver.v2.controllers.v290.SmasherReqController 
10 Feb 2023 | 15:09:12,625 | INFO  | main | bootLogger |     | SocketWriter v3 started (TCP pool size: 3, UDP pool size: 3 
10 Feb 2023 | 15:09:12,626 | INFO  | main | bootLogger |     | Security Manager started
10 Feb 2023 | 15:09:12,627 | INFO  | main | bootLogger |     | DatagramReader started
10 Feb 2023 | 15:09:12,627 | INFO  | main | bootLogger |     | IOHandler: com.smartfoxserver.v2.protocol.SFSIoHandler@5e9bf744
10 Feb 2023 | 15:09:12,628 | INFO  | main | bootLogger |     | SocketReader started
10 Feb 2023 | 15:09:12,628 | INFO  | main | bootLogger |     | SocketAcceptor initialized
10 Feb 2023 | 15:09:12,628 | INFO  | main | bootLogger |     | [[[ ===--- Boot sequence complete ---=== ]]]
10 Feb 2023 | 15:19:34,710 | INFO  | main | bootLogger |     | SmartFoxServer 2X
10 Feb 2023 | 15:19:34,711 | INFO  | main | bootLogger |     | BitSwarmEngine version: 3.72.0 { main }
10 Feb 2023 | 15:19:34,711 | INFO  | main | bootLogger |     | System Info:
	Processor(s): 10
	VM Max. memory: 4294MB
	os.name: Mac OS X
	os.arch: aarch64
	os.version: 13.2
	java.version: 11.0.13
	java.vendor: Azul Systems, Inc.
	java.vendor.url: http://www.azul.com/
	java.vm.specification.version: 11
	java.vm.version: 11.0.13+8-LTS
	java.vm.vendor: Azul Systems, Inc.
	java.vm.name: OpenJDK 64-Bit Server VM
	java.io.tmpdir: /var/folders/tn/9xj72vjd6mv4399j1y0gj4f00000gn/T/
	Default charset: UTF-8

10 Feb 2023 | 15:19:34,723 | INFO  | main | bootLogger |     | Network Info:
	Card: utun2
		 ->fe80:0:0:0:ce81:b1c:bd2c:69e%utun2
	Card: utun1
		 ->fe80:0:0:0:d0f8:f579:f799:d9f2%utun1
	Card: utun0
		 ->fe80:0:0:0:dccc:1fca:251a:d1c0%utun0
	Card: llw0
		 ->fe80:0:0:0:bca8:3aff:fe46:556f%llw0
	Card: awdl0
		 ->fe80:0:0:0:bca8:3aff:fe46:556f%awdl0
	Card: ap1
		 ->fe80:0:0:0:bcd0:74ff:fe35:37aa%ap1
	Card: anpi0
		 ->fe80:0:0:0:a0d2:b7ff:fec2:85ed%anpi0
	Card: anpi1
		 ->fe80:0:0:0:a0d2:b7ff:fec2:85ee%anpi1
	Card: anpi2
		 ->fe80:0:0:0:a0d2:b7ff:fec2:85ef%anpi2
	Card: en0
		 ->fe80:0:0:0:1cd0:4e96:d0a9:b033%en0
		 ->192.168.0.46
	Card: lo0
		 ->fe80:0:0:0:0:0:0:1%lo0
		 ->0:0:0:0:0:0:0:1%lo0
		 ->127.0.0.1

10 Feb 2023 | 15:19:34,730 | INFO  | main | bootLogger |     | Session manager ready: com.smartfoxserver.bitswarm.sessions.DefaultSessionManager@5866731
10 Feb 2023 | 15:19:34,745 | INFO  | main | bootLogger |     | TCP Selector opened
10 Feb 2023 | 15:19:34,747 | INFO  | main | bootLogger |     | UDP Selector opened
10 Feb 2023 | 15:19:34,749 | INFO  | main | bootLogger |     | AcceptSelector opened
10 Feb 2023 | 15:19:34,749 | INFO  | main | bootLogger |     | DatagramChannel cache size: 80
10 Feb 2023 | 15:19:34,768 | WARN  | main | bootLogger |     | Was not able to bind socket: { 0.0.0.0:9933, (Tcp) }
10 Feb 2023 | 15:19:34,776 | INFO  | main | bootLogger |     | Added bound udp socket --> 0.0.0.0:9933
10 Feb 2023 | 15:19:34,776 | INFO  | Scheduler1-thread-1 | bootLogger |     | Scheduler started: scheduler
10 Feb 2023 | 15:19:34,777 | INFO  | main | bootLogger |     | Controller started: com.smartfoxserver.v2.controllers.v290.SystemReqController 
10 Feb 2023 | 15:19:34,777 | INFO  | main | bootLogger |     | Controller started: com.smartfoxserver.v2.controllers.v290.ExtensionReqController 
10 Feb 2023 | 15:19:34,777 | INFO  | main | bootLogger |     | Controller started: com.smartfoxserver.v2.controllers.v290.SmasherReqController 
10 Feb 2023 | 15:19:34,779 | INFO  | main | bootLogger |     | SocketWriter v3 started (TCP pool size: 3, UDP pool size: 3 
10 Feb 2023 | 15:19:34,781 | INFO  | main | bootLogger |     | Security Manager started
10 Feb 2023 | 15:19:34,782 | INFO  | main | bootLogger |     | DatagramReader started
10 Feb 2023 | 15:19:34,782 | INFO  | main | bootLogger |     | IOHandler: com.smartfoxserver.v2.protocol.SFSIoHandler@111a7973
10 Feb 2023 | 15:19:34,782 | INFO  | main | bootLogger |     | SocketReader started
10 Feb 2023 | 15:19:34,782 | INFO  | main | bootLogger |     | SocketAcceptor initialized
10 Feb 2023 | 15:19:34,782 | INFO  | main | bootLogger |     | [[[ ===--- Boot sequence complete ---=== ]]]
10 Feb 2023 | 15:36:20,264 | INFO  | main | bootLogger |     | SmartFoxServer 2X
10 Feb 2023 | 15:36:20,265 | INFO  | main | bootLogger |     | BitSwarmEngine version: 3.72.0 { main }
10 Feb 2023 | 15:36:20,265 | INFO  | main | bootLogger |     | System Info:
	Processor(s): 10
	VM Max. memory: 4294MB
	os.name: Mac OS X
	os.arch: aarch64
	os.version: 13.2
	java.version: 11.0.13
	java.vendor: Azul Systems, Inc.
	java.vendor.url: http://www.azul.com/
	java.vm.specification.version: 11
	java.vm.version: 11.0.13+8-LTS
	java.vm.vendor: Azul Systems, Inc.
	java.vm.name: OpenJDK 64-Bit Server VM
	java.io.tmpdir: /var/folders/tn/9xj72vjd6mv4399j1y0gj4f00000gn/T/
	Default charset: UTF-8

10 Feb 2023 | 15:36:20,274 | INFO  | main | bootLogger |     | Network Info:
	Card: utun2
		 ->fe80:0:0:0:ce81:b1c:bd2c:69e%utun2
	Card: utun1
		 ->fe80:0:0:0:d0f8:f579:f799:d9f2%utun1
	Card: utun0
		 ->fe80:0:0:0:dccc:1fca:251a:d1c0%utun0
	Card: llw0
		 ->fe80:0:0:0:bca8:3aff:fe46:556f%llw0
	Card: awdl0
		 ->fe80:0:0:0:bca8:3aff:fe46:556f%awdl0
	Card: ap1
		 ->fe80:0:0:0:bcd0:74ff:fe35:37aa%ap1
	Card: anpi0
		 ->fe80:0:0:0:a0d2:b7ff:fec2:85ed%anpi0
	Card: anpi1
		 ->fe80:0:0:0:a0d2:b7ff:fec2:85ee%anpi1
	Card: anpi2
		 ->fe80:0:0:0:a0d2:b7ff:fec2:85ef%anpi2
	Card: en0
		 ->fe80:0:0:0:1cd0:4e96:d0a9:b033%en0
		 ->192.168.0.46
	Card: lo0
		 ->fe80:0:0:0:0:0:0:1%lo0
		 ->0:0:0:0:0:0:0:1%lo0
		 ->127.0.0.1

10 Feb 2023 | 15:36:20,281 | INFO  | main | bootLogger |     | Session manager ready: com.smartfoxserver.bitswarm.sessions.DefaultSessionManager@2f4d32bf
10 Feb 2023 | 15:36:20,289 | INFO  | main | bootLogger |     | TCP Selector opened
10 Feb 2023 | 15:36:20,292 | INFO  | main | bootLogger |     | UDP Selector opened
10 Feb 2023 | 15:36:20,293 | INFO  | main | bootLogger |     | AcceptSelector opened
10 Feb 2023 | 15:36:20,293 | INFO  | main | bootLogger |     | DatagramChannel cache size: 80
10 Feb 2023 | 15:36:20,305 | INFO  | main | bootLogger |     | Added bound tcp socket --> 0.0.0.0:9933
10 Feb 2023 | 15:36:20,309 | INFO  | main | bootLogger |     | Added bound udp socket --> 0.0.0.0:9933
10 Feb 2023 | 15:36:20,309 | INFO  | Scheduler1-thread-1 | bootLogger |     | Scheduler started: scheduler
10 Feb 2023 | 15:36:20,309 | INFO  | main | bootLogger |     | Controller started: com.smartfoxserver.v2.controllers.v290.SystemReqController 
10 Feb 2023 | 15:36:20,310 | INFO  | main | bootLogger |     | Controller started: com.smartfoxserver.v2.controllers.v290.ExtensionReqController 
10 Feb 2023 | 15:36:20,310 | INFO  | main | bootLogger |     | Controller started: com.smartfoxserver.v2.controllers.v290.SmasherReqController 
10 Feb 2023 | 15:36:20,312 | INFO  | main | bootLogger |     | SocketWriter v3 started (TCP pool size: 3, UDP pool size: 3 
10 Feb 2023 | 15:36:20,313 | INFO  | main | bootLogger |     | Security Manager started
10 Feb 2023 | 15:36:20,314 | INFO  | main | bootLogger |     | DatagramReader started
10 Feb 2023 | 15:36:20,314 | INFO  | main | bootLogger |     | IOHandler: com.smartfoxserver.v2.protocol.SFSIoHandler@6c8efde4
10 Feb 2023 | 15:36:20,314 | INFO  | main | bootLogger |     | SocketReader started
10 Feb 2023 | 15:36:20,315 | INFO  | main | bootLogger |     | SocketAcceptor initialized
10 Feb 2023 | 15:36:20,315 | INFO  | main | bootLogger |     | [[[ ===--- Boot sequence complete ---=== ]]]
10 Feb 2023 | 15:49:46,242 | INFO  | main | bootLogger |     | SmartFoxServer 2X
10 Feb 2023 | 15:49:46,243 | INFO  | main | bootLogger |     | BitSwarmEngine version: 3.72.0 { main }
10 Feb 2023 | 15:49:46,243 | INFO  | main | bootLogger |     | System Info:
	Processor(s): 10
	VM Max. memory: 4294MB
	os.name: Mac OS X
	os.arch: aarch64
	os.version: 13.2
	java.version: 11.0.13
	java.vendor: Azul Systems, Inc.
	java.vendor.url: http://www.azul.com/
	java.vm.specification.version: 11
	java.vm.version: 11.0.13+8-LTS
	java.vm.vendor: Azul Systems, Inc.
	java.vm.name: OpenJDK 64-Bit Server VM
	java.io.tmpdir: /var/folders/tn/9xj72vjd6mv4399j1y0gj4f00000gn/T/
	Default charset: UTF-8

10 Feb 2023 | 15:49:46,249 | INFO  | main | bootLogger |     | Network Info:
	Card: utun2
		 ->fe80:0:0:0:ce81:b1c:bd2c:69e%utun2
	Card: utun1
		 ->fe80:0:0:0:d0f8:f579:f799:d9f2%utun1
	Card: utun0
		 ->fe80:0:0:0:dccc:1fca:251a:d1c0%utun0
	Card: llw0
		 ->fe80:0:0:0:bca8:3aff:fe46:556f%llw0
	Card: awdl0
		 ->fe80:0:0:0:bca8:3aff:fe46:556f%awdl0
	Card: ap1
		 ->fe80:0:0:0:bcd0:74ff:fe35:37aa%ap1
	Card: anpi0
		 ->fe80:0:0:0:a0d2:b7ff:fec2:85ed%anpi0
	Card: anpi1
		 ->fe80:0:0:0:a0d2:b7ff:fec2:85ee%anpi1
	Card: anpi2
		 ->fe80:0:0:0:a0d2:b7ff:fec2:85ef%anpi2
	Card: en0
		 ->fe80:0:0:0:1cd0:4e96:d0a9:b033%en0
		 ->192.168.0.46
	Card: lo0
		 ->fe80:0:0:0:0:0:0:1%lo0
		 ->0:0:0:0:0:0:0:1%lo0
		 ->127.0.0.1

10 Feb 2023 | 15:49:46,251 | INFO  | main | bootLogger |     | Session manager ready: com.smartfoxserver.bitswarm.sessions.DefaultSessionManager@2f4d32bf
10 Feb 2023 | 15:49:46,266 | INFO  | main | bootLogger |     | TCP Selector opened
10 Feb 2023 | 15:49:46,269 | INFO  | main | bootLogger |     | UDP Selector opened
10 Feb 2023 | 15:49:46,270 | INFO  | main | bootLogger |     | AcceptSelector opened
10 Feb 2023 | 15:49:46,270 | INFO  | main | bootLogger |     | DatagramChannel cache size: 80
10 Feb 2023 | 15:49:46,282 | INFO  | main | bootLogger |     | Added bound tcp socket --> 0.0.0.0:9933
10 Feb 2023 | 15:49:46,286 | INFO  | main | bootLogger |     | Added bound udp socket --> 0.0.0.0:9933
10 Feb 2023 | 15:49:46,287 | INFO  | Scheduler1-thread-1 | bootLogger |     | Scheduler started: scheduler
10 Feb 2023 | 15:49:46,287 | INFO  | main | bootLogger |     | Controller started: com.smartfoxserver.v2.controllers.v290.SystemReqController 
10 Feb 2023 | 15:49:46,288 | INFO  | main | bootLogger |     | Controller started: com.smartfoxserver.v2.controllers.v290.ExtensionReqController 
10 Feb 2023 | 15:49:46,288 | INFO  | main | bootLogger |     | Controller started: com.smartfoxserver.v2.controllers.v290.SmasherReqController 
10 Feb 2023 | 15:49:46,290 | INFO  | main | bootLogger |     | SocketWriter v3 started (TCP pool size: 3, UDP pool size: 3 
10 Feb 2023 | 15:49:46,291 | INFO  | main | bootLogger |     | Security Manager started
10 Feb 2023 | 15:49:46,292 | INFO  | main | bootLogger |     | DatagramReader started
10 Feb 2023 | 15:49:46,292 | INFO  | main | bootLogger |     | IOHandler: com.smartfoxserver.v2.protocol.SFSIoHandler@6c8efde4
10 Feb 2023 | 15:49:46,293 | INFO  | main | bootLogger |     | SocketReader started
10 Feb 2023 | 15:49:46,293 | INFO  | main | bootLogger |     | SocketAcceptor initialized
10 Feb 2023 | 15:49:46,293 | INFO  | main | bootLogger |     | [[[ ===--- Boot sequence complete ---=== ]]]
10 Feb 2023 | 15:53:43,113 | INFO  | main | bootLogger |     | SmartFoxServer 2X
10 Feb 2023 | 15:53:43,114 | INFO  | main | bootLogger |     | BitSwarmEngine version: 3.72.0 { main }
10 Feb 2023 | 15:53:43,114 | INFO  | main | bootLogger |     | System Info:
	Processor(s): 10
	VM Max. memory: 4294MB
	os.name: Mac OS X
	os.arch: aarch64
	os.version: 13.2
	java.version: 11.0.13
	java.vendor: Azul Systems, Inc.
	java.vendor.url: http://www.azul.com/
	java.vm.specification.version: 11
	java.vm.version: 11.0.13+8-LTS
	java.vm.vendor: Azul Systems, Inc.
	java.vm.name: OpenJDK 64-Bit Server VM
	java.io.tmpdir: /var/folders/tn/9xj72vjd6mv4399j1y0gj4f00000gn/T/
	Default charset: UTF-8

10 Feb 2023 | 15:53:43,125 | INFO  | main | bootLogger |     | Network Info:
	Card: utun2
		 ->fe80:0:0:0:ce81:b1c:bd2c:69e%utun2
	Card: utun1
		 ->fe80:0:0:0:d0f8:f579:f799:d9f2%utun1
	Card: utun0
		 ->fe80:0:0:0:dccc:1fca:251a:d1c0%utun0
	Card: llw0
		 ->fe80:0:0:0:bca8:3aff:fe46:556f%llw0
	Card: awdl0
		 ->fe80:0:0:0:bca8:3aff:fe46:556f%awdl0
	Card: ap1
		 ->fe80:0:0:0:bcd0:74ff:fe35:37aa%ap1
	Card: anpi0
		 ->fe80:0:0:0:a0d2:b7ff:fec2:85ed%anpi0
	Card: anpi1
		 ->fe80:0:0:0:a0d2:b7ff:fec2:85ee%anpi1
	Card: anpi2
		 ->fe80:0:0:0:a0d2:b7ff:fec2:85ef%anpi2
	Card: en0
		 ->fe80:0:0:0:1cd0:4e96:d0a9:b033%en0
		 ->192.168.0.46
	Card: lo0
		 ->fe80:0:0:0:0:0:0:1%lo0
		 ->0:0:0:0:0:0:0:1%lo0
		 ->127.0.0.1

10 Feb 2023 | 15:53:43,131 | INFO  | main | bootLogger |     | Session manager ready: com.smartfoxserver.bitswarm.sessions.DefaultSessionManager@2f4d32bf
10 Feb 2023 | 15:53:43,136 | INFO  | main | bootLogger |     | TCP Selector opened
10 Feb 2023 | 15:53:43,138 | INFO  | main | bootLogger |     | UDP Selector opened
10 Feb 2023 | 15:53:43,140 | INFO  | main | bootLogger |     | AcceptSelector opened
10 Feb 2023 | 15:53:43,140 | INFO  | main | bootLogger |     | DatagramChannel cache size: 80
10 Feb 2023 | 15:53:43,151 | INFO  | main | bootLogger |     | Added bound tcp socket --> 0.0.0.0:9933
10 Feb 2023 | 15:53:43,155 | INFO  | main | bootLogger |     | Added bound udp socket --> 0.0.0.0:9933
10 Feb 2023 | 15:53:43,155 | INFO  | Scheduler1-thread-1 | bootLogger |     | Scheduler started: scheduler
10 Feb 2023 | 15:53:43,155 | INFO  | main | bootLogger |     | Controller started: com.smartfoxserver.v2.controllers.v290.SystemReqController 
10 Feb 2023 | 15:53:43,156 | INFO  | main | bootLogger |     | Controller started: com.smartfoxserver.v2.controllers.v290.ExtensionReqController 
10 Feb 2023 | 15:53:43,156 | INFO  | main | bootLogger |     | Controller started: com.smartfoxserver.v2.controllers.v290.SmasherReqController 
10 Feb 2023 | 15:53:43,158 | INFO  | main | bootLogger |     | SocketWriter v3 started (TCP pool size: 3, UDP pool size: 3 
10 Feb 2023 | 15:53:43,159 | INFO  | main | bootLogger |     | Security Manager started
10 Feb 2023 | 15:53:43,160 | INFO  | main | bootLogger |     | DatagramReader started
10 Feb 2023 | 15:53:43,160 | INFO  | main | bootLogger |     | IOHandler: com.smartfoxserver.v2.protocol.SFSIoHandler@6c8efde4
10 Feb 2023 | 15:53:43,160 | INFO  | main | bootLogger |     | SocketReader started
10 Feb 2023 | 15:53:43,160 | INFO  | main | bootLogger |     | SocketAcceptor initialized
10 Feb 2023 | 15:53:43,160 | INFO  | main | bootLogger |     | [[[ ===--- Boot sequence complete ---=== ]]]
10 Feb 2023 | 15:58:37,181 | INFO  | main | bootLogger |     | SmartFoxServer 2X
10 Feb 2023 | 15:58:37,181 | INFO  | main | bootLogger |     | BitSwarmEngine version: 3.72.0 { main }
10 Feb 2023 | 15:58:37,182 | INFO  | main | bootLogger |     | System Info:
	Processor(s): 10
	VM Max. memory: 4294MB
	os.name: Mac OS X
	os.arch: aarch64
	os.version: 13.2
	java.version: 11.0.13
	java.vendor: Azul Systems, Inc.
	java.vendor.url: http://www.azul.com/
	java.vm.specification.version: 11
	java.vm.version: 11.0.13+8-LTS
	java.vm.vendor: Azul Systems, Inc.
	java.vm.name: OpenJDK 64-Bit Server VM
	java.io.tmpdir: /var/folders/tn/9xj72vjd6mv4399j1y0gj4f00000gn/T/
	Default charset: UTF-8

10 Feb 2023 | 15:58:37,191 | INFO  | main | bootLogger |     | Network Info:
	Card: utun2
		 ->fe80:0:0:0:ce81:b1c:bd2c:69e%utun2
	Card: utun1
		 ->fe80:0:0:0:d0f8:f579:f799:d9f2%utun1
	Card: utun0
		 ->fe80:0:0:0:dccc:1fca:251a:d1c0%utun0
	Card: llw0
		 ->fe80:0:0:0:bca8:3aff:fe46:556f%llw0
	Card: awdl0
		 ->fe80:0:0:0:bca8:3aff:fe46:556f%awdl0
	Card: ap1
		 ->fe80:0:0:0:bcd0:74ff:fe35:37aa%ap1
	Card: anpi0
		 ->fe80:0:0:0:a0d2:b7ff:fec2:85ed%anpi0
	Card: anpi1
		 ->fe80:0:0:0:a0d2:b7ff:fec2:85ee%anpi1
	Card: anpi2
		 ->fe80:0:0:0:a0d2:b7ff:fec2:85ef%anpi2
	Card: en0
		 ->fe80:0:0:0:1cd0:4e96:d0a9:b033%en0
		 ->192.168.0.46
	Card: lo0
		 ->fe80:0:0:0:0:0:0:1%lo0
		 ->0:0:0:0:0:0:0:1%lo0
		 ->127.0.0.1

10 Feb 2023 | 15:58:37,196 | INFO  | main | bootLogger |     | Session manager ready: com.smartfoxserver.bitswarm.sessions.DefaultSessionManager@2bf2d6eb
10 Feb 2023 | 15:58:37,202 | INFO  | main | bootLogger |     | TCP Selector opened
10 Feb 2023 | 15:58:37,204 | INFO  | main | bootLogger |     | UDP Selector opened
10 Feb 2023 | 15:58:37,205 | INFO  | main | bootLogger |     | AcceptSelector opened
10 Feb 2023 | 15:58:37,205 | INFO  | main | bootLogger |     | DatagramChannel cache size: 80
10 Feb 2023 | 15:58:37,217 | INFO  | main | bootLogger |     | Added bound tcp socket --> 0.0.0.0:9933
10 Feb 2023 | 15:58:37,221 | INFO  | main | bootLogger |     | Added bound udp socket --> 0.0.0.0:9933
10 Feb 2023 | 15:58:37,221 | INFO  | Scheduler1-thread-1 | bootLogger |     | Scheduler started: scheduler
10 Feb 2023 | 15:58:37,221 | INFO  | main | bootLogger |     | Controller started: com.smartfoxserver.v2.controllers.v290.SystemReqController 
10 Feb 2023 | 15:58:37,222 | INFO  | main | bootLogger |     | Controller started: com.smartfoxserver.v2.controllers.v290.ExtensionReqController 
10 Feb 2023 | 15:58:37,222 | INFO  | main | bootLogger |     | Controller started: com.smartfoxserver.v2.controllers.v290.SmasherReqController 
10 Feb 2023 | 15:58:37,224 | INFO  | main | bootLogger |     | SocketWriter v3 started (TCP pool size: 3, UDP pool size: 3 
10 Feb 2023 | 15:58:37,226 | INFO  | main | bootLogger |     | Security Manager started
10 Feb 2023 | 15:58:37,227 | INFO  | main | bootLogger |     | DatagramReader started
10 Feb 2023 | 15:58:37,227 | INFO  | main | bootLogger |     | IOHandler: com.smartfoxserver.v2.protocol.SFSIoHandler@5e9bf744
10 Feb 2023 | 15:58:37,227 | INFO  | main | bootLogger |     | SocketReader started
10 Feb 2023 | 15:58:37,227 | INFO  | main | bootLogger |     | SocketAcceptor initialized
10 Feb 2023 | 15:58:37,228 | INFO  | main | bootLogger |     | [[[ ===--- Boot sequence complete ---=== ]]]
10 Feb 2023 | 16:42:01,775 | INFO  | SFSWorker:Ext:4 | bootLogger |     | Scheduler stopped. Unprocessed tasks: 0
10 Feb 2023 | 16:42:01,776 | WARN  | Scheduler1-thread-1 | bootLogger |     | Scheduler: scheduler interrupted.
10 Feb 2023 | 16:42:01,795 | INFO  | SFSWorker:Ext:4 | bootLogger |     | SocketWriter v3 stopped. Unprocessed TCP tasks: 0, UDP Tasks: 0
10 Feb 2023 | 16:42:01,799 | INFO  | SocketReader | bootLogger |     | SocketReader threadpool shutting down.
10 Feb 2023 | 16:42:02,303 | INFO  | SFSWorker:Ext:4 | bootLogger |     | SocketReader stopped. Unprocessed tasks: 0
10 Feb 2023 | 16:42:02,808 | INFO  | DatagramReader | bootLogger |     | DatagramReader thread(s) shutting down.
10 Feb 2023 | 16:42:04,820 | INFO  | SFSWorker:Ext:4 | bootLogger |     | Security Manager stopped
10 Feb 2023 | 16:42:04,822 | INFO  | SocketAcceptor-1 | bootLogger |     | SocketAcceptor threadpool shutting down.
10 Feb 2023 | 16:42:05,327 | INFO  | SFSWorker:Ext:4 | bootLogger |     | SocketAcceptor stopped. Unprocessed tasks: 0
10 Feb 2023 | 16:42:06,708 | INFO  | main | bootLogger |     | SmartFoxServer 2X
10 Feb 2023 | 16:42:06,709 | INFO  | main | bootLogger |     | BitSwarmEngine version: 3.72.0 { main }
10 Feb 2023 | 16:42:06,709 | INFO  | main | bootLogger |     | System Info:
	Processor(s): 10
	VM Max. memory: 4294MB
	os.name: Mac OS X
	os.arch: aarch64
	os.version: 13.2
	java.version: 11.0.13
	java.vendor: Azul Systems, Inc.
	java.vendor.url: http://www.azul.com/
	java.vm.specification.version: 11
	java.vm.version: 11.0.13+8-LTS
	java.vm.vendor: Azul Systems, Inc.
	java.vm.name: OpenJDK 64-Bit Server VM
	java.io.tmpdir: /var/folders/tn/9xj72vjd6mv4399j1y0gj4f00000gn/T/
	Default charset: UTF-8

10 Feb 2023 | 16:42:06,724 | INFO  | main | bootLogger |     | Network Info:
	Card: utun2
		 ->fe80:0:0:0:ce81:b1c:bd2c:69e%utun2
	Card: utun1
		 ->fe80:0:0:0:d0f8:f579:f799:d9f2%utun1
	Card: utun0
		 ->fe80:0:0:0:dccc:1fca:251a:d1c0%utun0
	Card: llw0
		 ->fe80:0:0:0:bca8:3aff:fe46:556f%llw0
	Card: awdl0
		 ->fe80:0:0:0:bca8:3aff:fe46:556f%awdl0
	Card: ap1
		 ->fe80:0:0:0:bcd0:74ff:fe35:37aa%ap1
	Card: anpi0
		 ->fe80:0:0:0:a0d2:b7ff:fec2:85ed%anpi0
	Card: anpi1
		 ->fe80:0:0:0:a0d2:b7ff:fec2:85ee%anpi1
	Card: anpi2
		 ->fe80:0:0:0:a0d2:b7ff:fec2:85ef%anpi2
	Card: en0
		 ->fe80:0:0:0:1cd0:4e96:d0a9:b033%en0
		 ->192.168.0.46
	Card: lo0
		 ->fe80:0:0:0:0:0:0:1%lo0
		 ->0:0:0:0:0:0:0:1%lo0
		 ->127.0.0.1

10 Feb 2023 | 16:42:06,742 | INFO  | main | bootLogger |     | Session manager ready: com.smartfoxserver.bitswarm.sessions.DefaultSessionManager@2bf2d6eb
10 Feb 2023 | 16:42:06,748 | INFO  | main | bootLogger |     | TCP Selector opened
10 Feb 2023 | 16:42:06,750 | INFO  | main | bootLogger |     | UDP Selector opened
10 Feb 2023 | 16:42:06,751 | INFO  | main | bootLogger |     | AcceptSelector opened
10 Feb 2023 | 16:42:06,751 | INFO  | main | bootLogger |     | DatagramChannel cache size: 80
10 Feb 2023 | 16:42:06,764 | INFO  | main | bootLogger |     | Added bound tcp socket --> 0.0.0.0:9933
10 Feb 2023 | 16:42:06,768 | INFO  | main | bootLogger |     | Added bound udp socket --> 0.0.0.0:9933
10 Feb 2023 | 16:42:06,768 | INFO  | Scheduler1-thread-1 | bootLogger |     | Scheduler started: scheduler
10 Feb 2023 | 16:42:06,769 | INFO  | main | bootLogger |     | Controller started: com.smartfoxserver.v2.controllers.v290.SystemReqController 
10 Feb 2023 | 16:42:06,769 | INFO  | main | bootLogger |     | Controller started: com.smartfoxserver.v2.controllers.v290.ExtensionReqController 
10 Feb 2023 | 16:42:06,769 | INFO  | main | bootLogger |     | Controller started: com.smartfoxserver.v2.controllers.v290.SmasherReqController 
10 Feb 2023 | 16:42:06,772 | INFO  | main | bootLogger |     | SocketWriter v3 started (TCP pool size: 3, UDP pool size: 3 
10 Feb 2023 | 16:42:06,772 | INFO  | main | bootLogger |     | Security Manager started
10 Feb 2023 | 16:42:06,773 | INFO  | main | bootLogger |     | DatagramReader started
10 Feb 2023 | 16:42:06,773 | INFO  | main | bootLogger |     | IOHandler: com.smartfoxserver.v2.protocol.SFSIoHandler@5e9bf744
10 Feb 2023 | 16:42:06,773 | INFO  | main | bootLogger |     | SocketReader started
10 Feb 2023 | 16:42:06,774 | INFO  | main | bootLogger |     | SocketAcceptor initialized
10 Feb 2023 | 16:42:06,774 | INFO  | main | bootLogger |     | [[[ ===--- Boot sequence complete ---=== ]]]
10 Feb 2023 | 16:43:43,863 | INFO  | SFSWorker:Ext:2 | bootLogger |     | Scheduler stopped. Unprocessed tasks: 0
10 Feb 2023 | 16:43:43,864 | WARN  | Scheduler1-thread-1 | bootLogger |     | Scheduler: scheduler interrupted.
10 Feb 2023 | 16:43:43,865 | INFO  | SFSWorker:Ext:2 | bootLogger |     | SocketWriter v3 stopped. Unprocessed TCP tasks: 0, UDP Tasks: 0
10 Feb 2023 | 16:43:43,868 | INFO  | SocketReader | bootLogger |     | SocketReader threadpool shutting down.
10 Feb 2023 | 16:43:44,372 | INFO  | SFSWorker:Ext:2 | bootLogger |     | SocketReader stopped. Unprocessed tasks: 0
10 Feb 2023 | 16:43:44,878 | INFO  | DatagramReader | bootLogger |     | DatagramReader thread(s) shutting down.
10 Feb 2023 | 16:43:46,888 | INFO  | SFSWorker:Ext:2 | bootLogger |     | Security Manager stopped
10 Feb 2023 | 16:43:46,899 | INFO  | SocketAcceptor-1 | bootLogger |     | SocketAcceptor threadpool shutting down.
10 Feb 2023 | 16:43:47,405 | INFO  | SFSWorker:Ext:2 | bootLogger |     | SocketAcceptor stopped. Unprocessed tasks: 0
10 Feb 2023 | 16:43:48,834 | INFO  | main | bootLogger |     | SmartFoxServer 2X
10 Feb 2023 | 16:43:48,834 | INFO  | main | bootLogger |     | BitSwarmEngine version: 3.72.0 { main }
10 Feb 2023 | 16:43:48,835 | INFO  | main | bootLogger |     | System Info:
	Processor(s): 10
	VM Max. memory: 4294MB
	os.name: Mac OS X
	os.arch: aarch64
	os.version: 13.2
	java.version: 11.0.13
	java.vendor: Azul Systems, Inc.
	java.vendor.url: http://www.azul.com/
	java.vm.specification.version: 11
	java.vm.version: 11.0.13+8-LTS
	java.vm.vendor: Azul Systems, Inc.
	java.vm.name: OpenJDK 64-Bit Server VM
	java.io.tmpdir: /var/folders/tn/9xj72vjd6mv4399j1y0gj4f00000gn/T/
	Default charset: UTF-8

10 Feb 2023 | 16:43:48,844 | INFO  | main | bootLogger |     | Network Info:
	Card: utun2
		 ->fe80:0:0:0:ce81:b1c:bd2c:69e%utun2
	Card: utun1
		 ->fe80:0:0:0:d0f8:f579:f799:d9f2%utun1
	Card: utun0
		 ->fe80:0:0:0:dccc:1fca:251a:d1c0%utun0
	Card: llw0
		 ->fe80:0:0:0:bca8:3aff:fe46:556f%llw0
	Card: awdl0
		 ->fe80:0:0:0:bca8:3aff:fe46:556f%awdl0
	Card: ap1
		 ->fe80:0:0:0:bcd0:74ff:fe35:37aa%ap1
	Card: anpi0
		 ->fe80:0:0:0:a0d2:b7ff:fec2:85ed%anpi0
	Card: anpi1
		 ->fe80:0:0:0:a0d2:b7ff:fec2:85ee%anpi1
	Card: anpi2
		 ->fe80:0:0:0:a0d2:b7ff:fec2:85ef%anpi2
	Card: en0
		 ->fe80:0:0:0:1cd0:4e96:d0a9:b033%en0
		 ->192.168.0.46
	Card: lo0
		 ->fe80:0:0:0:0:0:0:1%lo0
		 ->0:0:0:0:0:0:0:1%lo0
		 ->127.0.0.1

10 Feb 2023 | 16:43:48,850 | INFO  | main | bootLogger |     | Session manager ready: com.smartfoxserver.bitswarm.sessions.DefaultSessionManager@2bf2d6eb
10 Feb 2023 | 16:43:48,856 | INFO  | main | bootLogger |     | TCP Selector opened
10 Feb 2023 | 16:43:48,859 | INFO  | main | bootLogger |     | UDP Selector opened
10 Feb 2023 | 16:43:48,860 | INFO  | main | bootLogger |     | AcceptSelector opened
10 Feb 2023 | 16:43:48,860 | INFO  | main | bootLogger |     | DatagramChannel cache size: 80
10 Feb 2023 | 16:43:48,873 | INFO  | main | bootLogger |     | Added bound tcp socket --> 0.0.0.0:9933
10 Feb 2023 | 16:43:48,877 | INFO  | main | bootLogger |     | Added bound udp socket --> 0.0.0.0:9933
10 Feb 2023 | 16:43:48,877 | INFO  | main | bootLogger |     | Added bound tcp socket --> 192.168.0.46:9933
10 Feb 2023 | 16:44:36,326 | INFO  | main | bootLogger |     | SmartFoxServer 2X
10 Feb 2023 | 16:44:36,327 | INFO  | main | bootLogger |     | BitSwarmEngine version: 3.72.0 { main }
10 Feb 2023 | 16:44:36,327 | INFO  | main | bootLogger |     | System Info:
	Processor(s): 10
	VM Max. memory: 4294MB
	os.name: Mac OS X
	os.arch: aarch64
	os.version: 13.2
	java.version: 11.0.13
	java.vendor: Azul Systems, Inc.
	java.vendor.url: http://www.azul.com/
	java.vm.specification.version: 11
	java.vm.version: 11.0.13+8-LTS
	java.vm.vendor: Azul Systems, Inc.
	java.vm.name: OpenJDK 64-Bit Server VM
	java.io.tmpdir: /var/folders/tn/9xj72vjd6mv4399j1y0gj4f00000gn/T/
	Default charset: UTF-8

10 Feb 2023 | 16:44:36,348 | INFO  | main | bootLogger |     | Network Info:
	Card: utun2
		 ->fe80:0:0:0:ce81:b1c:bd2c:69e%utun2
	Card: utun1
		 ->fe80:0:0:0:d0f8:f579:f799:d9f2%utun1
	Card: utun0
		 ->fe80:0:0:0:dccc:1fca:251a:d1c0%utun0
	Card: llw0
		 ->fe80:0:0:0:bca8:3aff:fe46:556f%llw0
	Card: awdl0
		 ->fe80:0:0:0:bca8:3aff:fe46:556f%awdl0
	Card: ap1
		 ->fe80:0:0:0:bcd0:74ff:fe35:37aa%ap1
	Card: anpi0
		 ->fe80:0:0:0:a0d2:b7ff:fec2:85ed%anpi0
	Card: anpi1
		 ->fe80:0:0:0:a0d2:b7ff:fec2:85ee%anpi1
	Card: anpi2
		 ->fe80:0:0:0:a0d2:b7ff:fec2:85ef%anpi2
	Card: en0
		 ->fe80:0:0:0:1cd0:4e96:d0a9:b033%en0
		 ->192.168.0.46
	Card: lo0
		 ->fe80:0:0:0:0:0:0:1%lo0
		 ->0:0:0:0:0:0:0:1%lo0
		 ->127.0.0.1

10 Feb 2023 | 16:44:36,355 | INFO  | main | bootLogger |     | Session manager ready: com.smartfoxserver.bitswarm.sessions.DefaultSessionManager@2bf2d6eb
10 Feb 2023 | 16:44:36,360 | INFO  | main | bootLogger |     | TCP Selector opened
10 Feb 2023 | 16:44:36,362 | INFO  | main | bootLogger |     | UDP Selector opened
10 Feb 2023 | 16:44:36,364 | INFO  | main | bootLogger |     | AcceptSelector opened
10 Feb 2023 | 16:44:36,364 | INFO  | main | bootLogger |     | DatagramChannel cache size: 80
10 Feb 2023 | 16:44:36,374 | WARN  | main | bootLogger |     | Was not able to bind socket: { 0.0.0.0:9933, (Tcp) }
10 Feb 2023 | 16:44:36,380 | INFO  | main | bootLogger |     | Added bound udp socket --> 0.0.0.0:9933
10 Feb 2023 | 16:44:36,380 | WARN  | main | bootLogger |     | Was not able to bind socket: { 192.168.0.46:9933, (Tcp) }
10 Feb 2023 | 16:45:21,654 | INFO  | main | bootLogger |     | SmartFoxServer 2X
10 Feb 2023 | 16:45:21,655 | INFO  | main | bootLogger |     | BitSwarmEngine version: 3.72.0 { main }
10 Feb 2023 | 16:45:21,655 | INFO  | main | bootLogger |     | System Info:
	Processor(s): 10
	VM Max. memory: 4294MB
	os.name: Mac OS X
	os.arch: aarch64
	os.version: 13.2
	java.version: 11.0.13
	java.vendor: Azul Systems, Inc.
	java.vendor.url: http://www.azul.com/
	java.vm.specification.version: 11
	java.vm.version: 11.0.13+8-LTS
	java.vm.vendor: Azul Systems, Inc.
	java.vm.name: OpenJDK 64-Bit Server VM
	java.io.tmpdir: /var/folders/tn/9xj72vjd6mv4399j1y0gj4f00000gn/T/
	Default charset: UTF-8

10 Feb 2023 | 16:45:21,666 | INFO  | main | bootLogger |     | Network Info:
	Card: utun2
		 ->fe80:0:0:0:ce81:b1c:bd2c:69e%utun2
	Card: utun1
		 ->fe80:0:0:0:d0f8:f579:f799:d9f2%utun1
	Card: utun0
		 ->fe80:0:0:0:dccc:1fca:251a:d1c0%utun0
	Card: llw0
		 ->fe80:0:0:0:bca8:3aff:fe46:556f%llw0
	Card: awdl0
		 ->fe80:0:0:0:bca8:3aff:fe46:556f%awdl0
	Card: ap1
		 ->fe80:0:0:0:bcd0:74ff:fe35:37aa%ap1
	Card: anpi0
		 ->fe80:0:0:0:a0d2:b7ff:fec2:85ed%anpi0
	Card: anpi1
		 ->fe80:0:0:0:a0d2:b7ff:fec2:85ee%anpi1
	Card: anpi2
		 ->fe80:0:0:0:a0d2:b7ff:fec2:85ef%anpi2
	Card: en0
		 ->fe80:0:0:0:1cd0:4e96:d0a9:b033%en0
		 ->192.168.0.46
	Card: lo0
		 ->fe80:0:0:0:0:0:0:1%lo0
		 ->0:0:0:0:0:0:0:1%lo0
		 ->127.0.0.1

10 Feb 2023 | 16:45:21,673 | INFO  | main | bootLogger |     | Session manager ready: com.smartfoxserver.bitswarm.sessions.DefaultSessionManager@2bf2d6eb
10 Feb 2023 | 16:45:21,678 | INFO  | main | bootLogger |     | TCP Selector opened
10 Feb 2023 | 16:45:21,680 | INFO  | main | bootLogger |     | UDP Selector opened
10 Feb 2023 | 16:45:21,682 | INFO  | main | bootLogger |     | AcceptSelector opened
10 Feb 2023 | 16:45:21,682 | INFO  | main | bootLogger |     | DatagramChannel cache size: 80
10 Feb 2023 | 16:45:21,692 | WARN  | main | bootLogger |     | Was not able to bind socket: { 192.168.0.46:9933, (Tcp) }
10 Feb 2023 | 16:45:21,698 | INFO  | main | bootLogger |     | Added bound udp socket --> 192.168.0.46:9933
10 Feb 2023 | 16:45:21,698 | INFO  | main | bootLogger |     | Controller started: com.smartfoxserver.v2.controllers.v290.SystemReqController 
10 Feb 2023 | 16:45:21,698 | INFO  | Scheduler1-thread-1 | bootLogger |     | Scheduler started: scheduler
10 Feb 2023 | 16:45:21,699 | INFO  | main | bootLogger |     | Controller started: com.smartfoxserver.v2.controllers.v290.ExtensionReqController 
10 Feb 2023 | 16:45:21,699 | INFO  | main | bootLogger |     | Controller started: com.smartfoxserver.v2.controllers.v290.SmasherReqController 
10 Feb 2023 | 16:45:21,701 | INFO  | main | bootLogger |     | SocketWriter v3 started (TCP pool size: 3, UDP pool size: 3 
10 Feb 2023 | 16:45:21,703 | INFO  | main | bootLogger |     | Security Manager started
10 Feb 2023 | 16:45:21,703 | INFO  | main | bootLogger |     | DatagramReader started
10 Feb 2023 | 16:45:21,704 | INFO  | main | bootLogger |     | IOHandler: com.smartfoxserver.v2.protocol.SFSIoHandler@45e140ae
10 Feb 2023 | 16:45:21,704 | INFO  | main | bootLogger |     | SocketReader started
10 Feb 2023 | 16:45:21,704 | INFO  | main | bootLogger |     | SocketAcceptor initialized
10 Feb 2023 | 16:45:21,704 | INFO  | main | bootLogger |     | [[[ ===--- Boot sequence complete ---=== ]]]
10 Feb 2023 | 16:50:19,942 | INFO  | SFSWorker:Ext:1 | bootLogger |     | Scheduler stopped. Unprocessed tasks: 0
10 Feb 2023 | 16:50:19,942 | WARN  | Scheduler1-thread-1 | bootLogger |     | Scheduler: scheduler interrupted.
10 Feb 2023 | 16:50:19,943 | INFO  | SFSWorker:Ext:1 | bootLogger |     | SocketWriter v3 stopped. Unprocessed TCP tasks: 0, UDP Tasks: 0
10 Feb 2023 | 16:50:19,952 | INFO  | SocketReader | bootLogger |     | SocketReader threadpool shutting down.
10 Feb 2023 | 16:50:20,454 | INFO  | SFSWorker:Ext:1 | bootLogger |     | SocketReader stopped. Unprocessed tasks: 0
10 Feb 2023 | 16:50:20,960 | INFO  | DatagramReader | bootLogger |     | DatagramReader thread(s) shutting down.
10 Feb 2023 | 16:50:22,984 | INFO  | SFSWorker:Ext:1 | bootLogger |     | Security Manager stopped
10 Feb 2023 | 16:50:22,985 | INFO  | SocketAcceptor-1 | bootLogger |     | SocketAcceptor threadpool shutting down.
10 Feb 2023 | 16:50:23,490 | INFO  | SFSWorker:Ext:1 | bootLogger |     | SocketAcceptor stopped. Unprocessed tasks: 0
10 Feb 2023 | 16:50:24,851 | INFO  | main | bootLogger |     | SmartFoxServer 2X
10 Feb 2023 | 16:50:24,851 | INFO  | main | bootLogger |     | BitSwarmEngine version: 3.72.0 { main }
10 Feb 2023 | 16:50:24,852 | INFO  | main | bootLogger |     | System Info:
	Processor(s): 10
	VM Max. memory: 4294MB
	os.name: Mac OS X
	os.arch: aarch64
	os.version: 13.2
	java.version: 11.0.13
	java.vendor: Azul Systems, Inc.
	java.vendor.url: http://www.azul.com/
	java.vm.specification.version: 11
	java.vm.version: 11.0.13+8-LTS
	java.vm.vendor: Azul Systems, Inc.
	java.vm.name: OpenJDK 64-Bit Server VM
	java.io.tmpdir: /var/folders/tn/9xj72vjd6mv4399j1y0gj4f00000gn/T/
	Default charset: UTF-8

10 Feb 2023 | 16:50:24,860 | INFO  | main | bootLogger |     | Network Info:
	Card: utun2
		 ->fe80:0:0:0:ce81:b1c:bd2c:69e%utun2
	Card: utun1
		 ->fe80:0:0:0:d0f8:f579:f799:d9f2%utun1
	Card: utun0
		 ->fe80:0:0:0:dccc:1fca:251a:d1c0%utun0
	Card: llw0
		 ->fe80:0:0:0:bca8:3aff:fe46:556f%llw0
	Card: awdl0
		 ->fe80:0:0:0:bca8:3aff:fe46:556f%awdl0
	Card: ap1
		 ->fe80:0:0:0:bcd0:74ff:fe35:37aa%ap1
	Card: anpi0
		 ->fe80:0:0:0:a0d2:b7ff:fec2:85ed%anpi0
	Card: anpi1
		 ->fe80:0:0:0:a0d2:b7ff:fec2:85ee%anpi1
	Card: anpi2
		 ->fe80:0:0:0:a0d2:b7ff:fec2:85ef%anpi2
	Card: en0
		 ->fe80:0:0:0:1cd0:4e96:d0a9:b033%en0
		 ->192.168.0.46
	Card: lo0
		 ->fe80:0:0:0:0:0:0:1%lo0
		 ->0:0:0:0:0:0:0:1%lo0
		 ->127.0.0.1

10 Feb 2023 | 16:50:24,867 | INFO  | main | bootLogger |     | Session manager ready: com.smartfoxserver.bitswarm.sessions.DefaultSessionManager@2bf2d6eb
10 Feb 2023 | 16:50:24,872 | INFO  | main | bootLogger |     | TCP Selector opened
10 Feb 2023 | 16:50:24,874 | INFO  | main | bootLogger |     | UDP Selector opened
10 Feb 2023 | 16:50:24,876 | INFO  | main | bootLogger |     | AcceptSelector opened
10 Feb 2023 | 16:50:24,876 | INFO  | main | bootLogger |     | DatagramChannel cache size: 80
10 Feb 2023 | 16:50:24,885 | WARN  | main | bootLogger |     | Was not able to bind socket: { 192.168.0.46:9933, (Tcp) }
10 Feb 2023 | 16:50:24,890 | INFO  | main | bootLogger |     | Added bound udp socket --> 192.168.0.46:9933
10 Feb 2023 | 16:50:24,891 | INFO  | main | bootLogger |     | Controller started: com.smartfoxserver.v2.controllers.v290.SystemReqController 
10 Feb 2023 | 16:50:24,891 | INFO  | Scheduler1-thread-1 | bootLogger |     | Scheduler started: scheduler
10 Feb 2023 | 16:50:24,891 | INFO  | main | bootLogger |     | Controller started: com.smartfoxserver.v2.controllers.v290.ExtensionReqController 
10 Feb 2023 | 16:50:24,892 | INFO  | main | bootLogger |     | Controller started: com.smartfoxserver.v2.controllers.v290.SmasherReqController 
10 Feb 2023 | 16:50:24,894 | INFO  | main | bootLogger |     | SocketWriter v3 started (TCP pool size: 3, UDP pool size: 3 
10 Feb 2023 | 16:50:24,895 | INFO  | main | bootLogger |     | Security Manager started
10 Feb 2023 | 16:50:24,896 | INFO  | main | bootLogger |     | DatagramReader started
10 Feb 2023 | 16:50:24,896 | INFO  | main | bootLogger |     | IOHandler: com.smartfoxserver.v2.protocol.SFSIoHandler@45e140ae
10 Feb 2023 | 16:50:24,897 | INFO  | main | bootLogger |     | SocketReader started
10 Feb 2023 | 16:50:24,897 | INFO  | main | bootLogger |     | SocketAcceptor initialized
10 Feb 2023 | 16:50:24,897 | INFO  | main | bootLogger |     | [[[ ===--- Boot sequence complete ---=== ]]]
10 Feb 2023 | 16:53:23,992 | INFO  | SFSWorker:Ext:1 | bootLogger |     | Scheduler stopped. Unprocessed tasks: 0
10 Feb 2023 | 16:53:23,993 | INFO  | SFSWorker:Ext:1 | bootLogger |     | SocketWriter v3 stopped. Unprocessed TCP tasks: 0, UDP Tasks: 0
10 Feb 2023 | 16:53:23,992 | WARN  | Scheduler1-thread-1 | bootLogger |     | Scheduler: scheduler interrupted.
10 Feb 2023 | 16:53:23,998 | INFO  | SocketReader | bootLogger |     | SocketReader threadpool shutting down.
10 Feb 2023 | 16:53:24,502 | INFO  | SFSWorker:Ext:1 | bootLogger |     | SocketReader stopped. Unprocessed tasks: 0
10 Feb 2023 | 16:53:25,006 | INFO  | DatagramReader | bootLogger |     | DatagramReader thread(s) shutting down.
10 Feb 2023 | 16:53:27,026 | INFO  | SFSWorker:Ext:1 | bootLogger |     | Security Manager stopped
10 Feb 2023 | 16:53:27,028 | INFO  | SocketAcceptor-1 | bootLogger |     | SocketAcceptor threadpool shutting down.
10 Feb 2023 | 16:53:27,533 | INFO  | SFSWorker:Ext:1 | bootLogger |     | SocketAcceptor stopped. Unprocessed tasks: 0
10 Feb 2023 | 16:53:28,854 | INFO  | main | bootLogger |     | SmartFoxServer 2X
10 Feb 2023 | 16:53:28,854 | INFO  | main | bootLogger |     | BitSwarmEngine version: 3.72.0 { main }
10 Feb 2023 | 16:53:28,855 | INFO  | main | bootLogger |     | System Info:
	Processor(s): 10
	VM Max. memory: 4294MB
	os.name: Mac OS X
	os.arch: aarch64
	os.version: 13.2
	java.version: 11.0.13
	java.vendor: Azul Systems, Inc.
	java.vendor.url: http://www.azul.com/
	java.vm.specification.version: 11
	java.vm.version: 11.0.13+8-LTS
	java.vm.vendor: Azul Systems, Inc.
	java.vm.name: OpenJDK 64-Bit Server VM
	java.io.tmpdir: /var/folders/tn/9xj72vjd6mv4399j1y0gj4f00000gn/T/
	Default charset: UTF-8

10 Feb 2023 | 16:53:28,863 | INFO  | main | bootLogger |     | Network Info:
	Card: utun2
		 ->fe80:0:0:0:ce81:b1c:bd2c:69e%utun2
	Card: utun1
		 ->fe80:0:0:0:d0f8:f579:f799:d9f2%utun1
	Card: utun0
		 ->fe80:0:0:0:dccc:1fca:251a:d1c0%utun0
	Card: llw0
		 ->fe80:0:0:0:bca8:3aff:fe46:556f%llw0
	Card: awdl0
		 ->fe80:0:0:0:bca8:3aff:fe46:556f%awdl0
	Card: ap1
		 ->fe80:0:0:0:bcd0:74ff:fe35:37aa%ap1
	Card: anpi0
		 ->fe80:0:0:0:a0d2:b7ff:fec2:85ed%anpi0
	Card: anpi1
		 ->fe80:0:0:0:a0d2:b7ff:fec2:85ee%anpi1
	Card: anpi2
		 ->fe80:0:0:0:a0d2:b7ff:fec2:85ef%anpi2
	Card: en0
		 ->fe80:0:0:0:1cd0:4e96:d0a9:b033%en0
		 ->192.168.0.46
	Card: lo0
		 ->fe80:0:0:0:0:0:0:1%lo0
		 ->0:0:0:0:0:0:0:1%lo0
		 ->127.0.0.1

10 Feb 2023 | 16:53:28,869 | INFO  | main | bootLogger |     | Session manager ready: com.smartfoxserver.bitswarm.sessions.DefaultSessionManager@2bf2d6eb
10 Feb 2023 | 16:53:28,874 | INFO  | main | bootLogger |     | TCP Selector opened
10 Feb 2023 | 16:53:28,876 | INFO  | main | bootLogger |     | UDP Selector opened
10 Feb 2023 | 16:53:28,877 | INFO  | main | bootLogger |     | AcceptSelector opened
10 Feb 2023 | 16:53:28,877 | INFO  | main | bootLogger |     | DatagramChannel cache size: 80
10 Feb 2023 | 16:53:28,887 | WARN  | main | bootLogger |     | Was not able to bind socket: { 0.0.0.0:9933, (Tcp) }
10 Feb 2023 | 16:53:28,892 | INFO  | main | bootLogger |     | Added bound udp socket --> 0.0.0.0:9933
10 Feb 2023 | 16:53:28,893 | INFO  | main | bootLogger |     | Controller started: com.smartfoxserver.v2.controllers.v290.SystemReqController 
10 Feb 2023 | 16:53:28,893 | INFO  | Scheduler1-thread-1 | bootLogger |     | Scheduler started: scheduler
10 Feb 2023 | 16:53:28,893 | INFO  | main | bootLogger |     | Controller started: com.smartfoxserver.v2.controllers.v290.ExtensionReqController 
10 Feb 2023 | 16:53:28,893 | INFO  | main | bootLogger |     | Controller started: com.smartfoxserver.v2.controllers.v290.SmasherReqController 
10 Feb 2023 | 16:53:28,895 | INFO  | main | bootLogger |     | SocketWriter v3 started (TCP pool size: 3, UDP pool size: 3 
10 Feb 2023 | 16:53:28,896 | INFO  | main | bootLogger |     | Security Manager started
10 Feb 2023 | 16:53:28,897 | INFO  | main | bootLogger |     | DatagramReader started
10 Feb 2023 | 16:53:28,897 | INFO  | main | bootLogger |     | IOHandler: com.smartfoxserver.v2.protocol.SFSIoHandler@45e140ae
10 Feb 2023 | 16:53:28,898 | INFO  | main | bootLogger |     | SocketReader started
10 Feb 2023 | 16:53:28,898 | INFO  | main | bootLogger |     | SocketAcceptor initialized
10 Feb 2023 | 16:53:28,898 | INFO  | main | bootLogger |     | [[[ ===--- Boot sequence complete ---=== ]]]
10 Feb 2023 | 16:54:51,513 | INFO  | main | bootLogger |     | SmartFoxServer 2X
10 Feb 2023 | 16:54:51,514 | INFO  | main | bootLogger |     | BitSwarmEngine version: 3.72.0 { main }
10 Feb 2023 | 16:54:51,514 | INFO  | main | bootLogger |     | System Info:
	Processor(s): 10
	VM Max. memory: 4294MB
	os.name: Mac OS X
	os.arch: aarch64
	os.version: 13.2
	java.version: 11.0.13
	java.vendor: Azul Systems, Inc.
	java.vendor.url: http://www.azul.com/
	java.vm.specification.version: 11
	java.vm.version: 11.0.13+8-LTS
	java.vm.vendor: Azul Systems, Inc.
	java.vm.name: OpenJDK 64-Bit Server VM
	java.io.tmpdir: /var/folders/tn/9xj72vjd6mv4399j1y0gj4f00000gn/T/
	Default charset: UTF-8

10 Feb 2023 | 16:54:51,524 | INFO  | main | bootLogger |     | Network Info:
	Card: utun2
		 ->fe80:0:0:0:ce81:b1c:bd2c:69e%utun2
	Card: utun1
		 ->fe80:0:0:0:d0f8:f579:f799:d9f2%utun1
	Card: utun0
		 ->fe80:0:0:0:dccc:1fca:251a:d1c0%utun0
	Card: llw0
		 ->fe80:0:0:0:bca8:3aff:fe46:556f%llw0
	Card: awdl0
		 ->fe80:0:0:0:bca8:3aff:fe46:556f%awdl0
	Card: ap1
		 ->fe80:0:0:0:bcd0:74ff:fe35:37aa%ap1
	Card: anpi0
		 ->fe80:0:0:0:a0d2:b7ff:fec2:85ed%anpi0
	Card: anpi1
		 ->fe80:0:0:0:a0d2:b7ff:fec2:85ee%anpi1
	Card: anpi2
		 ->fe80:0:0:0:a0d2:b7ff:fec2:85ef%anpi2
	Card: en0
		 ->fe80:0:0:0:1cd0:4e96:d0a9:b033%en0
		 ->192.168.0.46
	Card: lo0
		 ->fe80:0:0:0:0:0:0:1%lo0
		 ->0:0:0:0:0:0:0:1%lo0
		 ->127.0.0.1

10 Feb 2023 | 16:54:51,530 | INFO  | main | bootLogger |     | Session manager ready: com.smartfoxserver.bitswarm.sessions.DefaultSessionManager@2bf2d6eb
10 Feb 2023 | 16:54:51,535 | INFO  | main | bootLogger |     | TCP Selector opened
10 Feb 2023 | 16:54:51,538 | INFO  | main | bootLogger |     | UDP Selector opened
10 Feb 2023 | 16:54:51,539 | INFO  | main | bootLogger |     | AcceptSelector opened
10 Feb 2023 | 16:54:51,539 | INFO  | main | bootLogger |     | DatagramChannel cache size: 80
10 Feb 2023 | 16:54:51,551 | WARN  | main | bootLogger |     | Was not able to bind socket: { 0.0.0.0:9933, (Tcp) }
10 Feb 2023 | 16:54:51,557 | INFO  | main | bootLogger |     | Added bound udp socket --> 0.0.0.0:9933
10 Feb 2023 | 16:54:51,558 | INFO  | Scheduler1-thread-1 | bootLogger |     | Scheduler started: scheduler
10 Feb 2023 | 16:54:51,558 | INFO  | main | bootLogger |     | Controller started: com.smartfoxserver.v2.controllers.v290.SystemReqController 
10 Feb 2023 | 16:54:51,558 | INFO  | main | bootLogger |     | Controller started: com.smartfoxserver.v2.controllers.v290.ExtensionReqController 
10 Feb 2023 | 16:54:51,559 | INFO  | main | bootLogger |     | Controller started: com.smartfoxserver.v2.controllers.v290.SmasherReqController 
10 Feb 2023 | 16:54:51,561 | INFO  | main | bootLogger |     | SocketWriter v3 started (TCP pool size: 3, UDP pool size: 3 
10 Feb 2023 | 16:54:51,562 | INFO  | main | bootLogger |     | Security Manager started
10 Feb 2023 | 16:54:51,563 | INFO  | main | bootLogger |     | DatagramReader started
10 Feb 2023 | 16:54:51,563 | INFO  | main | bootLogger |     | IOHandler: com.smartfoxserver.v2.protocol.SFSIoHandler@45e140ae
10 Feb 2023 | 16:54:51,563 | INFO  | main | bootLogger |     | SocketReader started
10 Feb 2023 | 16:54:51,563 | INFO  | main | bootLogger |     | SocketAcceptor initialized
10 Feb 2023 | 16:54:51,563 | INFO  | main | bootLogger |     | [[[ ===--- Boot sequence complete ---=== ]]]
10 Feb 2023 | 17:08:51,020 | INFO  | main | bootLogger |     | SmartFoxServer 2X
10 Feb 2023 | 17:08:51,020 | INFO  | main | bootLogger |     | BitSwarmEngine version: 3.72.0 { main }
10 Feb 2023 | 17:08:51,021 | INFO  | main | bootLogger |     | System Info:
	Processor(s): 10
	VM Max. memory: 4294MB
	os.name: Mac OS X
	os.arch: aarch64
	os.version: 13.2
	java.version: 11.0.13
	java.vendor: Azul Systems, Inc.
	java.vendor.url: http://www.azul.com/
	java.vm.specification.version: 11
	java.vm.version: 11.0.13+8-LTS
	java.vm.vendor: Azul Systems, Inc.
	java.vm.name: OpenJDK 64-Bit Server VM
	java.io.tmpdir: /var/folders/tn/9xj72vjd6mv4399j1y0gj4f00000gn/T/
	Default charset: UTF-8

10 Feb 2023 | 17:08:51,053 | INFO  | main | bootLogger |     | Network Info:
	Card: utun2
		 ->fe80:0:0:0:ce81:b1c:bd2c:69e%utun2
	Card: utun1
		 ->fe80:0:0:0:d0f8:f579:f799:d9f2%utun1
	Card: utun0
		 ->fe80:0:0:0:dccc:1fca:251a:d1c0%utun0
	Card: llw0
		 ->fe80:0:0:0:bca8:3aff:fe46:556f%llw0
	Card: awdl0
		 ->fe80:0:0:0:bca8:3aff:fe46:556f%awdl0
	Card: ap1
		 ->fe80:0:0:0:bcd0:74ff:fe35:37aa%ap1
	Card: anpi0
		 ->fe80:0:0:0:a0d2:b7ff:fec2:85ed%anpi0
	Card: anpi1
		 ->fe80:0:0:0:a0d2:b7ff:fec2:85ee%anpi1
	Card: anpi2
		 ->fe80:0:0:0:a0d2:b7ff:fec2:85ef%anpi2
	Card: en0
		 ->fe80:0:0:0:1cd0:4e96:d0a9:b033%en0
		 ->192.168.0.46
	Card: lo0
		 ->fe80:0:0:0:0:0:0:1%lo0
		 ->0:0:0:0:0:0:0:1%lo0
		 ->127.0.0.1

10 Feb 2023 | 17:08:51,058 | INFO  | main | bootLogger |     | Session manager ready: com.smartfoxserver.bitswarm.sessions.DefaultSessionManager@2bf2d6eb
10 Feb 2023 | 17:08:51,063 | INFO  | main | bootLogger |     | TCP Selector opened
10 Feb 2023 | 17:08:51,065 | INFO  | main | bootLogger |     | UDP Selector opened
10 Feb 2023 | 17:08:51,067 | INFO  | main | bootLogger |     | AcceptSelector opened
10 Feb 2023 | 17:08:51,067 | INFO  | main | bootLogger |     | DatagramChannel cache size: 80
10 Feb 2023 | 17:08:51,078 | WARN  | main | bootLogger |     | Was not able to bind socket: { 0.0.0.0:9933, (Tcp) }
10 Feb 2023 | 17:08:51,084 | INFO  | main | bootLogger |     | Added bound udp socket --> 0.0.0.0:9933
10 Feb 2023 | 17:08:51,084 | INFO  | main | bootLogger |     | Controller started: com.smartfoxserver.v2.controllers.v290.SystemReqController 
10 Feb 2023 | 17:08:51,084 | INFO  | Scheduler1-thread-1 | bootLogger |     | Scheduler started: scheduler
10 Feb 2023 | 17:08:51,085 | INFO  | main | bootLogger |     | Controller started: com.smartfoxserver.v2.controllers.v290.ExtensionReqController 
10 Feb 2023 | 17:08:51,085 | INFO  | main | bootLogger |     | Controller started: com.smartfoxserver.v2.controllers.v290.SmasherReqController 
10 Feb 2023 | 17:08:51,088 | INFO  | main | bootLogger |     | SocketWriter v3 started (TCP pool size: 3, UDP pool size: 3 
10 Feb 2023 | 17:08:51,089 | INFO  | main | bootLogger |     | Security Manager started
10 Feb 2023 | 17:08:51,090 | INFO  | main | bootLogger |     | DatagramReader started
10 Feb 2023 | 17:08:51,090 | INFO  | main | bootLogger |     | IOHandler: com.smartfoxserver.v2.protocol.SFSIoHandler@45e140ae
10 Feb 2023 | 17:08:51,090 | INFO  | main | bootLogger |     | SocketReader started
10 Feb 2023 | 17:08:51,090 | INFO  | main | bootLogger |     | SocketAcceptor initialized
10 Feb 2023 | 17:08:51,091 | INFO  | main | bootLogger |     | [[[ ===--- Boot sequence complete ---=== ]]]
